# JRE version: Java(TM) SE Runtime Environment (20.0.1+9) (build 20.0.1+9-29)
# Java VM: Java HotSpot(TM) 64-Bit Server VM (20.0.1+9-29, mixed mode, emulated-client, sharing, tiered, compressed oops, compressed class ptrs, g1 gc, windows-amd64)
GC Precious Log:
 CardTable entry size: 512
 Card Set container configuration: InlinePtr #cards 5 size 8 Array Of Cards #cards 12 size 40 Howl #buckets 4 coarsen threshold 1843 Howl Bitmap #cards 512 size 80 coarsen threshold 460 Card regions per heap region 1 cards per card region 2048
 CPUs: 16 total, 16 available
 Memory: 7893M
 Large Page Support: Disabled
 NUMA Support: Disabled
 Compressed Oops: Enabled (32-bit)
 Heap Region Size: 1M
 Heap Min Capacity: 8M
 Heap Initial Capacity: 124M
 Heap Max Capacity: 1974M
 Pre-touch: Disabled
 Parallel Workers: 13
 Concurrent Workers: 3
 Concurrent Refinement Workers: 13
 Periodic GC: Disabled
Heap:
 garbage-first heap   total 82944K, used 69903K [0x0000000084a00000, 0x0000000100000000)
  region size 1024K, 48 young (49152K), 4 survivors (4096K)
 Metaspace       used 57243K, committed 57984K, reserved 1114112K
  class space    used 8044K, committed 8384K, reserved 1048576K
GC Heap History (20 events):
Event: 3.465 GC heap after
{Heap after GC invocations=9 (full 0):
 garbage-first heap   total 69632K, used 17408K [0x0000000084a00000, 0x0000000100000000)
  region size 1024K, 4 young (4096K), 4 survivors (4096K)
 Metaspace       used 28724K, committed 29248K, reserved 1114112K
  class space    used 3823K, committed 4032K, reserved 1048576K
}
Event: 3.853 GC heap before
{Heap before GC invocations=9 (full 0):
 garbage-first heap   total 69632K, used 46080K [0x0000000084a00000, 0x0000000100000000)
  region size 1024K, 33 young (33792K), 4 survivors (4096K)
 Metaspace       used 31257K, committed 31808K, reserved 1114112K
  class space    used 4224K, committed 4480K, reserved 1048576K
}
Event: 3.864 GC heap after
{Heap after GC invocations=10 (full 0):
 garbage-first heap   total 69632K, used 18791K [0x0000000084a00000, 0x0000000100000000)
  region size 1024K, 4 young (4096K), 4 survivors (4096K)
 Metaspace       used 31257K, committed 31808K, reserved 1114112K
  class space    used 4224K, committed 4480K, reserved 1048576K
}
Event: 4.503 GC heap before
{Heap before GC invocations=11 (full 0):
 garbage-first heap   total 68608K, used 55655K [0x0000000084a00000, 0x0000000100000000)
  region size 1024K, 40 young (40960K), 4 survivors (4096K)
 Metaspace       used 34718K, committed 35328K, reserved 1114112K
  class space    used 4652K, committed 4928K, reserved 1048576K
}
Event: 4.507 GC heap after
{Heap after GC invocations=12 (full 0):
 garbage-first heap   total 68608K, used 20256K [0x0000000084a00000, 0x0000000100000000)
  region size 1024K, 4 young (4096K), 4 survivors (4096K)
 Metaspace       used 34718K, committed 35328K, reserved 1114112K
  class space    used 4652K, committed 4928K, reserved 1048576K
}
Event: 4.925 GC heap before
{Heap before GC invocations=12 (full 0):
 garbage-first heap   total 68608K, used 56096K [0x0000000084a00000, 0x0000000100000000)
  region size 1024K, 40 young (40960K), 4 survivors (4096K)
 Metaspace       used 38161K, committed 38784K, reserved 1114112K
  class space    used 5070K, committed 5312K, reserved 1048576K
}
Event: 4.928 GC heap after
{Heap after GC invocations=13 (full 0):
 garbage-first heap   total 68608K, used 20963K [0x0000000084a00000, 0x0000000100000000)
  region size 1024K, 3 young (3072K), 3 survivors (3072K)
 Metaspace       used 38161K, committed 38784K, reserved 1114112K
  class space    used 5070K, committed 5312K, reserved 1048576K
}
Event: 5.251 GC heap before
{Heap before GC invocations=13 (full 0):
 garbage-first heap   total 68608K, used 58851K [0x0000000084a00000, 0x0000000100000000)
  region size 1024K, 40 young (40960K), 3 survivors (3072K)
 Metaspace       used 41431K, committed 42112K, reserved 1114112K
  class space    used 5605K, committed 5888K, reserved 1048576K
}
Event: 5.254 GC heap after
{Heap after GC invocations=14 (full 0):
 garbage-first heap   total 68608K, used 21685K [0x0000000084a00000, 0x0000000100000000)
  region size 1024K, 4 young (4096K), 4 survivors (4096K)
 Metaspace       used 41431K, committed 42112K, reserved 1114112K
  class space    used 5605K, committed 5888K, reserved 1048576K
}
Event: 5.692 GC heap before
{Heap before GC invocations=14 (full 0):
 garbage-first heap   total 68608K, used 58549K [0x0000000084a00000, 0x0000000100000000)
  region size 1024K, 40 young (40960K), 4 survivors (4096K)
 Metaspace       used 44641K, committed 45248K, reserved 1114112K
  class space    used 6099K, committed 6336K, reserved 1048576K
}
Event: 5.695 GC heap after
{Heap after GC invocations=15 (full 0):
 garbage-first heap   total 68608K, used 22743K [0x0000000084a00000, 0x0000000100000000)
  region size 1024K, 3 young (3072K), 3 survivors (3072K)
 Metaspace       used 44641K, committed 45248K, reserved 1114112K
  class space    used 6099K, committed 6336K, reserved 1048576K
}
Event: 6.064 GC heap before
{Heap before GC invocations=15 (full 0):
 garbage-first heap   total 68608K, used 60631K [0x0000000084a00000, 0x0000000100000000)
  region size 1024K, 40 young (40960K), 3 survivors (3072K)
 Metaspace       used 48024K, committed 48640K, reserved 1114112K
  class space    used 6503K, committed 6784K, reserved 1048576K
}
Event: 6.066 GC heap after
{Heap after GC invocations=16 (full 0):
 garbage-first heap   total 68608K, used 23504K [0x0000000084a00000, 0x0000000100000000)
  region size 1024K, 3 young (3072K), 3 survivors (3072K)
 Metaspace       used 48024K, committed 48640K, reserved 1114112K
  class space    used 6503K, committed 6784K, reserved 1048576K
}
Event: 6.366 GC heap before
{Heap before GC invocations=16 (full 0):
 garbage-first heap   total 68608K, used 60368K [0x0000000084a00000, 0x0000000100000000)
  region size 1024K, 39 young (39936K), 3 survivors (3072K)
 Metaspace       used 52359K, committed 52992K, reserved 1114112K
  class space    used 7190K, committed 7488K, reserved 1048576K
}
Event: 6.370 GC heap after
{Heap after GC invocations=17 (full 0):
 garbage-first heap   total 68608K, used 24111K [0x0000000084a00000, 0x0000000100000000)
  region size 1024K, 4 young (4096K), 4 survivors (4096K)
 Metaspace       used 52359K, committed 52992K, reserved 1114112K
  class space    used 7190K, committed 7488K, reserved 1048576K
}
Event: 6.388 GC heap before
{Heap before GC invocations=17 (full 0):
 garbage-first heap   total 68608K, used 25135K [0x0000000084a00000, 0x0000000100000000)
  region size 1024K, 6 young (6144K), 4 survivors (4096K)
 Metaspace       used 52527K, committed 53120K, reserved 1114112K
  class space    used 7239K, committed 7552K, reserved 1048576K
}
Event: 6.391 GC heap after
{Heap after GC invocations=18 (full 0):
 garbage-first heap   total 82944K, used 24050K [0x0000000084a00000, 0x0000000100000000)
  region size 1024K, 3 young (3072K), 3 survivors (3072K)
 Metaspace       used 52527K, committed 53120K, reserved 1114112K
  class space    used 7239K, committed 7552K, reserved 1048576K
}
Event: 6.785 GC heap before
{Heap before GC invocations=19 (full 0):
 garbage-first heap   total 82944K, used 70130K [0x0000000084a00000, 0x0000000100000000)
  region size 1024K, 48 young (49152K), 3 survivors (3072K)
 Metaspace       used 56112K, committed 56768K, reserved 1114112K
  class space    used 7890K, committed 8192K, reserved 1048576K
}
Event: 6.787 GC heap after
{Heap after GC invocations=20 (full 0):
 garbage-first heap   total 82944K, used 24847K [0x0000000084a00000, 0x0000000100000000)
  region size 1024K, 4 young (4096K), 4 survivors (4096K)
 Metaspace       used 56112K, committed 56768K, reserved 1114112K
  class space    used 7890K, committed 8192K, reserved 1048576K
}
Event: 1137.722 GC heap before
{Heap before GC invocations=20 (full 0):
 garbage-first heap   total 82944K, used 69903K [0x0000000084a00000, 0x0000000100000000)
  region size 1024K, 48 young (49152K), 4 survivors (4096K)
 Metaspace       used 57243K, committed 57984K, reserved 1114112K
  class space    used 8044K, committed 8384K, reserved 1048576K
}

